  < - - - - - Training MLP... - - - - - >

  - Epoch 0 [6.2 secs.]: e = 0.13, accuracy = 0.145
  - Epoch 1 [6.6 secs.]: e = 0.12, accuracy = 0.144
  - Epoch 2 [6.6 secs.]: e = 0.12, accuracy = 0.14
  - Epoch 3 [6.5 secs.]: e = 0.12, accuracy = 0.158
  - Epoch 4 [6.3 secs.]: e = 0.12, accuracy = 0.144
  - Epoch 5 [6.2 secs.]: e = 0.12, accuracy = 0.142
  - Epoch 6 [6.2 secs.]: e = 0.12, accuracy = 0.148
  - Epoch 7 [6.3 secs.]: e = 0.12, accuracy = 0.143
  - Epoch 8 [6.2 secs.]: e = 0.12, accuracy = 0.145
  - Epoch 9 [6.3 secs.]: e = 0.12, accuracy = 0.147
  - Epoch 10 [6.5 secs.]: e = 0.12, accuracy = 0.132
  - Epoch 11 [6.5 secs.]: e = 0.12, accuracy = 0.145
  - Epoch 12 [6.5 secs.]: e = 0.12, accuracy = 0.152
  - Epoch 13 [6.3 secs.]: e = 0.12, accuracy = 0.151
  - Epoch 14 [6.2 secs.]: e = 0.12, accuracy = 0.153
  - Epoch 15 [6.2 secs.]: e = 0.12, accuracy = 0.154
  - Epoch 16 [6.2 secs.]: e = 0.12, accuracy = 0.159
  - Epoch 17 [6.2 secs.]: e = 0.12, accuracy = 0.169
  - Epoch 18 [6.3 secs.]: e = 0.12, accuracy = 0.168
  - Epoch 19 [6.4 secs.]: e = 0.12, accuracy = 0.178
  - Epoch 20 [6.5 secs.]: e = 0.12, accuracy = 0.18
  - Epoch 21 [6.6 secs.]: e = 0.12, accuracy = 0.196
  - Epoch 22 [6.3 secs.]: e = 0.12, accuracy = 0.211
  - Epoch 23 [6.2 secs.]: e = 0.12, accuracy = 0.224
  - Epoch 24 [6.3 secs.]: e = 0.12, accuracy = 0.231
  - Epoch 25 [6.3 secs.]: e = 0.12, accuracy = 0.25
  - Epoch 26 [6.3 secs.]: e = 0.12, accuracy = 0.258
  - Epoch 27 [6.4 secs.]: e = 0.12, accuracy = 0.258
  - Epoch 28 [6.8 secs.]: e = 0.12, accuracy = 0.277
  - Epoch 29 [6.6 secs.]: e = 0.12, accuracy = 0.282
  - Epoch 30 [6.3 secs.]: e = 0.12, accuracy = 0.296
  - Epoch 31 [6.3 secs.]: e = 0.12, accuracy = 0.29
  - Epoch 32 [6.2 secs.]: e = 0.11, accuracy = 0.306
  - Epoch 33 [6.2 secs.]: e = 0.11, accuracy = 0.299
  - Epoch 34 [6.3 secs.]: e = 0.11, accuracy = 0.305
  - Epoch 35 [6.5 secs.]: e = 0.11, accuracy = 0.313
  - Epoch 36 [6.6 secs.]: e = 0.11, accuracy = 0.315
  - Epoch 37 [6.4 secs.]: e = 0.11, accuracy = 0.328
  - Epoch 38 [6.4 secs.]: e = 0.11, accuracy = 0.323
  - Epoch 39 [6.2 secs.]: e = 0.1, accuracy = 0.336
  - Epoch 40 [1e+01 secs.]: e = 0.1, accuracy = 0.348
  - Epoch 41 [6.9 secs.]: e = 0.1, accuracy = 0.363
  - Epoch 42 [6.6 secs.]: e = 0.1, accuracy = 0.369
  - Epoch 43 [6.9 secs.]: e = 0.1, accuracy = 0.385
  - Epoch 44 [6.8 secs.]: e = 0.1, accuracy = 0.386
  - Epoch 45 [6.4 secs.]: e = 0.1, accuracy = 0.403
  - Epoch 46 [6.3 secs.]: e = 0.1, accuracy = 0.42
  - Epoch 47 [6.4 secs.]: e = 0.1, accuracy = 0.421
  - Epoch 48 [6.7 secs.]: e = 0.1, accuracy = 0.425
  - Epoch 49 [6.9 secs.]: e = 0.099, accuracy = 0.424
  - Epoch 50 [6.3 secs.]: e = 0.099, accuracy = 0.434
  - Epoch 51 [6.2 secs.]: e = 0.099, accuracy = 0.426
  - Epoch 52 [6.3 secs.]: e = 0.099, accuracy = 0.427
  - Epoch 53 [6.3 secs.]: e = 0.098, accuracy = 0.439
  - Epoch 54 [6.5 secs.]: e = 0.098, accuracy = 0.448
  - Epoch 55 [6.6 secs.]: e = 0.098, accuracy = 0.439
  - Epoch 56 [6.8 secs.]: e = 0.099, accuracy = 0.435
  - Epoch 57 [6.4 secs.]: e = 0.099, accuracy = 0.444
  - Epoch 58 [6.3 secs.]: e = 0.099, accuracy = 0.431
  - Epoch 59 [6.2 secs.]: e = 0.099, accuracy = 0.426
  - Epoch 60 [6.2 secs.]: e = 0.1, accuracy = 0.42
  - Epoch 61 [6.2 secs.]: e = 0.1, accuracy = 0.399
  - Epoch 62 [6.3 secs.]: e = 0.1, accuracy = 0.382
  - Epoch 63 [6.5 secs.]: e = 0.1, accuracy = 0.38
  - Epoch 64 [6.4 secs.]: e = 0.1, accuracy = 0.361
  - Epoch 65 [6.4 secs.]: e = 0.1, accuracy = 0.339
C:\Users\tonyt\dl-codebase\dl-assignment1-mlp\src\activation.py:38: RuntimeWarning: overflow encountered in double_scalars
  return (np.exp(-1 * x)) / ((1 + np.exp(-1 * x)) ** 2)
  - Epoch 66 [6.5 secs.]: e = 0.11, accuracy = 0.344
  - Epoch 67 [6.3 secs.]: e = 0.11, accuracy = 0.333
  - Epoch 68 [6.3 secs.]: e = 0.11, accuracy = 0.318