  < - - - - - Training MLP... - - - - - >

  - Epoch 0 [1.1e+01 secs.]: e = 0.13, accuracy = 0.122
  - Epoch 1 [1.1e+01 secs.]: e = 0.12, accuracy = 0.107
  - Epoch 2 [1.1e+01 secs.]: e = 0.12, accuracy = 0.121
  - Epoch 3 [1.1e+01 secs.]: e = 0.12, accuracy = 0.129
  - Epoch 4 [1.1e+01 secs.]: e = 0.12, accuracy = 0.145
  - Epoch 5 [1.1e+01 secs.]: e = 0.12, accuracy = 0.159
  - Epoch 6 [1.2e+01 secs.]: e = 0.12, accuracy = 0.164
  - Epoch 7 [1.1e+01 secs.]: e = 0.12, accuracy = 0.175
  - Epoch 8 [1.1e+01 secs.]: e = 0.12, accuracy = 0.182
  - Epoch 9 [1.1e+01 secs.]: e = 0.12, accuracy = 0.187
  - Epoch 10 [1.1e+01 secs.]: e = 0.12, accuracy = 0.192
  - Epoch 11 [1.2e+01 secs.]: e = 0.12, accuracy = 0.199
  - Epoch 12 [1.1e+01 secs.]: e = 0.12, accuracy = 0.199
  - Epoch 13 [1.2e+01 secs.]: e = 0.12, accuracy = 0.208
  - Epoch 14 [1.1e+01 secs.]: e = 0.12, accuracy = 0.206
  - Epoch 15 [1.2e+01 secs.]: e = 0.12, accuracy = 0.207
  - Epoch 16 [1.1e+01 secs.]: e = 0.12, accuracy = 0.21
  - Epoch 17 [1.2e+01 secs.]: e = 0.12, accuracy = 0.217
  - Epoch 18 [1.1e+01 secs.]: e = 0.12, accuracy = 0.218
  - Epoch 19 [1.1e+01 secs.]: e = 0.12, accuracy = 0.224
  - Epoch 20 [1.2e+01 secs.]: e = 0.12, accuracy = 0.236
  - Epoch 21 [1.1e+01 secs.]: e = 0.12, accuracy = 0.232
  - Epoch 22 [1.1e+01 secs.]: e = 0.12, accuracy = 0.238
  - Epoch 23 [1.2e+01 secs.]: e = 0.12, accuracy = 0.244
  - Epoch 24 [1.1e+01 secs.]: e = 0.12, accuracy = 0.25
  - Epoch 25 [1.1e+01 secs.]: e = 0.12, accuracy = 0.251
  - Epoch 26 [1.1e+01 secs.]: e = 0.12, accuracy = 0.25
  - Epoch 27 [1.1e+01 secs.]: e = 0.12, accuracy = 0.255
  - Epoch 28 [1.2e+01 secs.]: e = 0.12, accuracy = 0.255
  - Epoch 29 [1.1e+01 secs.]: e = 0.12, accuracy = 0.259
  - Epoch 30 [1.2e+01 secs.]: e = 0.12, accuracy = 0.258
  - Epoch 31 [1.2e+01 secs.]: e = 0.12, accuracy = 0.264
  - Epoch 32 [1.2e+01 secs.]: e = 0.12, accuracy = 0.26
  - Epoch 33 [1.1e+01 secs.]: e = 0.12, accuracy = 0.263
  - Epoch 34 [1.2e+01 secs.]: e = 0.12, accuracy = 0.272
  - Epoch 35 [1.1e+01 secs.]: e = 0.12, accuracy = 0.279
  - Epoch 36 [1.2e+01 secs.]: e = 0.12, accuracy = 0.276
  - Epoch 37 [1.1e+01 secs.]: e = 0.12, accuracy = 0.277
  - Epoch 38 [1.1e+01 secs.]: e = 0.12, accuracy = 0.283
  - Epoch 39 [1.2e+01 secs.]: e = 0.12, accuracy = 0.289
  - Epoch 40 [1.2e+01 secs.]: e = 0.12, accuracy = 0.288
  - Epoch 41 [1.2e+01 secs.]: e = 0.12, accuracy = 0.294
  - Epoch 42 [1.1e+01 secs.]: e = 0.12, accuracy = 0.291
  - Epoch 43 [1.2e+01 secs.]: e = 0.12, accuracy = 0.292
  - Epoch 44 [1.1e+01 secs.]: e = 0.12, accuracy = 0.296
  - Epoch 45 [1.2e+01 secs.]: e = 0.12, accuracy = 0.3
  - Epoch 46 [1.2e+01 secs.]: e = 0.11, accuracy = 0.296
  - Epoch 47 [1.1e+01 secs.]: e = 0.11, accuracy = 0.294
  - Epoch 48 [1.2e+01 secs.]: e = 0.11, accuracy = 0.304
  - Epoch 49 [1.1e+01 secs.]: e = 0.11, accuracy = 0.304
  - Epoch 50 [1.1e+01 secs.]: e = 0.11, accuracy = 0.308
  - Epoch 51 [1.2e+01 secs.]: e = 0.11, accuracy = 0.304
  - Epoch 52 [1.1e+01 secs.]: e = 0.11, accuracy = 0.308
  - Epoch 53 [1.1e+01 secs.]: e = 0.11, accuracy = 0.307
  - Epoch 54 [1.1e+01 secs.]: e = 0.11, accuracy = 0.315
  - Epoch 55 [1.1e+01 secs.]: e = 0.11, accuracy = 0.317
  - Epoch 56 [1.1e+01 secs.]: e = 0.11, accuracy = 0.319
  - Epoch 57 [1.1e+01 secs.]: e = 0.11, accuracy = 0.319
  - Epoch 58 [1.2e+01 secs.]: e = 0.11, accuracy = 0.328
  - Epoch 59 [1.1e+01 secs.]: e = 0.11, accuracy = 0.328
  - Epoch 60 [1.2e+01 secs.]: e = 0.11, accuracy = 0.326
  - Epoch 61 [1.2e+01 secs.]: e = 0.11, accuracy = 0.333
  - Epoch 62 [1.1e+01 secs.]: e = 0.11, accuracy = 0.333
  - Epoch 63 [1.1e+01 secs.]: e = 0.11, accuracy = 0.338
  - Epoch 64 [1.1e+01 secs.]: e = 0.11, accuracy = 0.341
  - Epoch 65 [1.2e+01 secs.]: e = 0.11, accuracy = 0.35
  - Epoch 66 [1.1e+01 secs.]: e = 0.11, accuracy = 0.346
  - Epoch 67 [1.1e+01 secs.]: e = 0.11, accuracy = 0.354
  - Epoch 68 [1.1e+01 secs.]: e = 0.11, accuracy = 0.35
  - Epoch 69 [1.2e+01 secs.]: e = 0.11, accuracy = 0.353
  - Epoch 70 [1.1e+01 secs.]: e = 0.11, accuracy = 0.357
  - Epoch 71 [1.2e+01 secs.]: e = 0.11, accuracy = 0.355
  - Epoch 72 [1.2e+01 secs.]: e = 0.11, accuracy = 0.359
  - Epoch 73 [1.2e+01 secs.]: e = 0.11, accuracy = 0.36
  - Epoch 74 [1.2e+01 secs.]: e = 0.11, accuracy = 0.365
  - Epoch 75 [1.2e+01 secs.]: e = 0.11, accuracy = 0.365
  - Epoch 76 [1.2e+01 secs.]: e = 0.11, accuracy = 0.362
  - Epoch 77 [1.2e+01 secs.]: e = 0.11, accuracy = 0.37
  - Epoch 78 [1.1e+01 secs.]: e = 0.11, accuracy = 0.369
  - Epoch 79 [1.2e+01 secs.]: e = 0.11, accuracy = 0.371
  - Epoch 80 [1.1e+01 secs.]: e = 0.11, accuracy = 0.37
  - Epoch 81 [1.2e+01 secs.]: e = 0.11, accuracy = 0.374
  - Epoch 82 [1.1e+01 secs.]: e = 0.11, accuracy = 0.372
  - Epoch 83 [1.2e+01 secs.]: e = 0.11, accuracy = 0.371
  - Epoch 84 [1.2e+01 secs.]: e = 0.11, accuracy = 0.374
  - Epoch 85 [1.2e+01 secs.]: e = 0.11, accuracy = 0.371
  - Epoch 86 [1.1e+01 secs.]: e = 0.11, accuracy = 0.369
  - Epoch 87 [1.2e+01 secs.]: e = 0.11, accuracy = 0.371
  - Epoch 88 [1.2e+01 secs.]: e = 0.11, accuracy = 0.373
  - Epoch 89 [1.3e+01 secs.]: e = 0.11, accuracy = 0.373
  - Epoch 90 [1.2e+01 secs.]: e = 0.11, accuracy = 0.373
  - Epoch 91 [1.1e+01 secs.]: e = 0.11, accuracy = 0.374
  - Epoch 92 [1.2e+01 secs.]: e = 0.11, accuracy = 0.372
  - Epoch 93 [1.1e+01 secs.]: e = 0.11, accuracy = 0.376
  - Epoch 94 [1.1e+01 secs.]: e = 0.11, accuracy = 0.374
  - Epoch 95 [1.1e+01 secs.]: e = 0.11, accuracy = 0.375
  - Epoch 96 [1.2e+01 secs.]: e = 0.11, accuracy = 0.378
  - Epoch 97 [1.2e+01 secs.]: e = 0.11, accuracy = 0.382
  - Epoch 98 [1.1e+01 secs.]: e = 0.11, accuracy = 0.375
  - Epoch 99 [1.2e+01 secs.]: e = 0.11, accuracy = 0.38
  < - - - - - Completed training. - - - - - >

  >> Training took 1.2e+03 secs. for 100 epochs.
   * Accuracy : 0.38


  >>> Passed 2341 / 6160 tests.