  < - - - - - Training MLP... - - - - - >

  - Epoch 0 [1e+01 secs.]: e = 0.13, accuracy = 0.128
  - Epoch 1 [1.1e+01 secs.]: e = 0.12, accuracy = 0.113
  - Epoch 2 [1.1e+01 secs.]: e = 0.12, accuracy = 0.135
  - Epoch 3 [1.1e+01 secs.]: e = 0.12, accuracy = 0.141
  - Epoch 4 [1.1e+01 secs.]: e = 0.12, accuracy = 0.166
  - Epoch 5 [1.2e+01 secs.]: e = 0.12, accuracy = 0.172
  - Epoch 6 [1.1e+01 secs.]: e = 0.12, accuracy = 0.178
  - Epoch 7 [1.1e+01 secs.]: e = 0.12, accuracy = 0.191
  - Epoch 8 [1.1e+01 secs.]: e = 0.12, accuracy = 0.193
  - Epoch 9 [1.1e+01 secs.]: e = 0.12, accuracy = 0.201
  - Epoch 10 [1.1e+01 secs.]: e = 0.12, accuracy = 0.207
  - Epoch 11 [1.1e+01 secs.]: e = 0.12, accuracy = 0.222
  - Epoch 12 [1.1e+01 secs.]: e = 0.12, accuracy = 0.226
  - Epoch 13 [1.1e+01 secs.]: e = 0.12, accuracy = 0.228
  - Epoch 14 [1.1e+01 secs.]: e = 0.12, accuracy = 0.236
  - Epoch 15 [1.1e+01 secs.]: e = 0.12, accuracy = 0.238
  - Epoch 16 [1.1e+01 secs.]: e = 0.12, accuracy = 0.249
  - Epoch 17 [1.1e+01 secs.]: e = 0.12, accuracy = 0.256
  - Epoch 18 [1.1e+01 secs.]: e = 0.12, accuracy = 0.253
  - Epoch 19 [1.1e+01 secs.]: e = 0.12, accuracy = 0.255
  - Epoch 20 [1.1e+01 secs.]: e = 0.12, accuracy = 0.262
  - Epoch 21 [1.1e+01 secs.]: e = 0.12, accuracy = 0.258
  - Epoch 22 [1.1e+01 secs.]: e = 0.12, accuracy = 0.263
  - Epoch 23 [1.1e+01 secs.]: e = 0.12, accuracy = 0.267
  - Epoch 24 [1.1e+01 secs.]: e = 0.12, accuracy = 0.272
  - Epoch 25 [1.1e+01 secs.]: e = 0.12, accuracy = 0.273
  - Epoch 26 [1.1e+01 secs.]: e = 0.12, accuracy = 0.274
  - Epoch 27 [1.1e+01 secs.]: e = 0.12, accuracy = 0.277
  - Epoch 28 [1.1e+01 secs.]: e = 0.12, accuracy = 0.277
  - Epoch 29 [1.1e+01 secs.]: e = 0.12, accuracy = 0.282
  - Epoch 30 [1.1e+01 secs.]: e = 0.12, accuracy = 0.286
  - Epoch 31 [1.1e+01 secs.]: e = 0.12, accuracy = 0.285
  - Epoch 32 [1.2e+01 secs.]: e = 0.12, accuracy = 0.288
  - Epoch 33 [1.1e+01 secs.]: e = 0.12, accuracy = 0.286
  - Epoch 34 [1.1e+01 secs.]: e = 0.12, accuracy = 0.299
  - Epoch 35 [1.1e+01 secs.]: e = 0.12, accuracy = 0.302
  - Epoch 36 [1.1e+01 secs.]: e = 0.12, accuracy = 0.304
  - Epoch 37 [1.1e+01 secs.]: e = 0.12, accuracy = 0.304
  - Epoch 38 [1.1e+01 secs.]: e = 0.12, accuracy = 0.309
  - Epoch 39 [1.1e+01 secs.]: e = 0.12, accuracy = 0.312
  - Epoch 40 [1.1e+01 secs.]: e = 0.12, accuracy = 0.318
  - Epoch 41 [1.1e+01 secs.]: e = 0.11, accuracy = 0.319
  - Epoch 42 [1.1e+01 secs.]: e = 0.11, accuracy = 0.321
  - Epoch 43 [1.1e+01 secs.]: e = 0.11, accuracy = 0.326
  - Epoch 44 [1.1e+01 secs.]: e = 0.11, accuracy = 0.326
  - Epoch 45 [1.1e+01 secs.]: e = 0.11, accuracy = 0.327
  - Epoch 46 [1.1e+01 secs.]: e = 0.11, accuracy = 0.331
  - Epoch 47 [1.1e+01 secs.]: e = 0.11, accuracy = 0.337
  - Epoch 48 [1.1e+01 secs.]: e = 0.11, accuracy = 0.339
  - Epoch 49 [1.1e+01 secs.]: e = 0.11, accuracy = 0.337
  - Epoch 50 [1.1e+01 secs.]: e = 0.11, accuracy = 0.338
  - Epoch 51 [1.1e+01 secs.]: e = 0.11, accuracy = 0.341
  - Epoch 52 [1.1e+01 secs.]: e = 0.11, accuracy = 0.346
  - Epoch 53 [1.1e+01 secs.]: e = 0.11, accuracy = 0.346
  - Epoch 54 [1.1e+01 secs.]: e = 0.11, accuracy = 0.345
  - Epoch 55 [1.1e+01 secs.]: e = 0.11, accuracy = 0.348
  - Epoch 56 [1.1e+01 secs.]: e = 0.11, accuracy = 0.348
  - Epoch 57 [1.1e+01 secs.]: e = 0.11, accuracy = 0.347
  - Epoch 58 [1.1e+01 secs.]: e = 0.11, accuracy = 0.349
  - Epoch 59 [1.1e+01 secs.]: e = 0.11, accuracy = 0.35
  - Epoch 60 [1.1e+01 secs.]: e = 0.11, accuracy = 0.35
  - Epoch 61 [1.1e+01 secs.]: e = 0.11, accuracy = 0.352
  - Epoch 62 [1.1e+01 secs.]: e = 0.11, accuracy = 0.353
  - Epoch 63 [1.1e+01 secs.]: e = 0.11, accuracy = 0.352
  - Epoch 64 [1.1e+01 secs.]: e = 0.11, accuracy = 0.353
  - Epoch 65 [1.1e+01 secs.]: e = 0.11, accuracy = 0.354
  - Epoch 66 [1.1e+01 secs.]: e = 0.11, accuracy = 0.35
  - Epoch 67 [1.1e+01 secs.]: e = 0.11, accuracy = 0.356
  - Epoch 68 [1.1e+01 secs.]: e = 0.11, accuracy = 0.357
  - Epoch 69 [1.1e+01 secs.]: e = 0.11, accuracy = 0.353
  - Epoch 70 [1.1e+01 secs.]: e = 0.11, accuracy = 0.356
  - Epoch 71 [1.1e+01 secs.]: e = 0.11, accuracy = 0.362
  - Epoch 72 [1.1e+01 secs.]: e = 0.11, accuracy = 0.361
  - Epoch 73 [1.2e+01 secs.]: e = 0.11, accuracy = 0.359
  - Epoch 74 [1.1e+01 secs.]: e = 0.11, accuracy = 0.362
  - Epoch 75 [1.1e+01 secs.]: e = 0.11, accuracy = 0.361
  - Epoch 76 [1.1e+01 secs.]: e = 0.11, accuracy = 0.363
  - Epoch 77 [1.1e+01 secs.]: e = 0.11, accuracy = 0.367
  - Epoch 78 [1.1e+01 secs.]: e = 0.11, accuracy = 0.374
  - Epoch 79 [1.1e+01 secs.]: e = 0.11, accuracy = 0.37
  - Epoch 80 [1.1e+01 secs.]: e = 0.11, accuracy = 0.377
  - Epoch 81 [1.1e+01 secs.]: e = 0.11, accuracy = 0.376
  - Epoch 82 [1.1e+01 secs.]: e = 0.11, accuracy = 0.376
  - Epoch 83 [1.1e+01 secs.]: e = 0.11, accuracy = 0.376
  - Epoch 84 [1.1e+01 secs.]: e = 0.11, accuracy = 0.378
  - Epoch 85 [1.1e+01 secs.]: e = 0.11, accuracy = 0.378
  - Epoch 86 [1.1e+01 secs.]: e = 0.11, accuracy = 0.375
  - Epoch 87 [1.1e+01 secs.]: e = 0.11, accuracy = 0.378
  - Epoch 88 [1.1e+01 secs.]: e = 0.11, accuracy = 0.378
  - Epoch 89 [1.1e+01 secs.]: e = 0.11, accuracy = 0.38
  - Epoch 90 [1.1e+01 secs.]: e = 0.11, accuracy = 0.379
  - Epoch 91 [1.1e+01 secs.]: e = 0.11, accuracy = 0.377
  - Epoch 92 [1.1e+01 secs.]: e = 0.11, accuracy = 0.379
  - Epoch 93 [1.1e+01 secs.]: e = 0.11, accuracy = 0.377
  - Epoch 94 [1.1e+01 secs.]: e = 0.11, accuracy = 0.377
  - Epoch 95 [1.1e+01 secs.]: e = 0.11, accuracy = 0.375
  - Epoch 96 [1.1e+01 secs.]: e = 0.12, accuracy = 0.374
  - Epoch 97 [1.1e+01 secs.]: e = 0.12, accuracy = 0.375
  - Epoch 98 [1.1e+01 secs.]: e = 0.12, accuracy = 0.371
  - Epoch 99 [1.1e+01 secs.]: e = 0.12, accuracy = 0.372
  < - - - - - Completed training. - - - - - >

  >> Training took 1.1e+03 secs. for 100 epochs.
   * Accuracy : 0.372


  >>> Passed 2255 / 6160 tests.